0 info it worked if it ends with ok
1 verbose cli [ '/usr/local/bin/node', '/usr/bin/npm', 'start' ]
2 info using npm@2.14.3
3 info using node@v4.1.1
4 verbose run-script [ 'prestart', 'start', 'poststart' ]
5 info prestart personal-website@0.0.0
6 info start personal-website@0.0.0
7 verbose unsafe-perm in lifecycle true
8 info personal-website@0.0.0 Failed to exec start script
9 verbose stack Error: personal-website@0.0.0 start: `node ./bin/www`
9 verbose stack Exit status 1
9 verbose stack     at EventEmitter.<anonymous> (/usr/lib/node_modules/npm/lib/utils/lifecycle.js:214:16)
9 verbose stack     at emitTwo (events.js:87:13)
9 verbose stack     at EventEmitter.emit (events.js:172:7)
9 verbose stack     at ChildProcess.<anonymous> (/usr/lib/node_modules/npm/lib/utils/spawn.js:24:14)
9 verbose stack     at emitTwo (events.js:87:13)
9 verbose stack     at ChildProcess.emit (events.js:172:7)
9 verbose stack     at maybeClose (internal/child_process.js:817:16)
9 verbose stack     at Process.ChildProcess._handle.onexit (internal/child_process.js:211:5)
10 verbose pkgid personal-website@0.0.0
11 verbose cwd /home/victor/Desktop/personal-project/victorBasurto-website
12 error Linux 3.11.0-12-generic
13 error argv "/usr/local/bin/node" "/usr/bin/npm" "start"
14 error node v4.1.1
15 error npm  v2.14.3
16 error code ELIFECYCLE
17 error personal-website@0.0.0 start: `node ./bin/www`
17 error Exit status 1
18 error Failed at the personal-website@0.0.0 start script 'node ./bin/www'.
18 error This is most likely a problem with the personal-website package,
18 error not with npm itself.
18 error Tell the author that this fails on your system:
18 error     node ./bin/www
18 error You can get their info via:
18 error     npm owner ls personal-website
18 error There is likely additional logging output above.
19 verbose exit [ 1, true ]
